<?xml version="1.0" encoding="UTF-8"?>
<!-- Generated by org.testng.reporters.JUnitReportReporter -->
<testsuite hostname="DESKTOP-DD9523I" failures="0" tests="1" name="TestRunner.CucumberTestRunner" time="19.757" errors="0" timestamp="30 апр. 2020 18:55:03 GMT" skipped="0">
  <testcase classname="TestRunner.CucumberTestRunner" name="feature" time="19.757"/>
</testsuite> <!-- TestRunner.CucumberTestRunner -->
